<?xml version="1.0" encoding="UTF-8"?>
<!-- Generated by org.testng.reporters.JUnitXMLReporter -->
<testsuite hostname="Anders" tests="8" failures="2" timestamp="23 Oct 2015 06:38:19 GMT" time="137.779" errors="0">
  <testcase name="authorize" time="2.811" classname="Test1SuccessfulAuthorization"/>
  <testcase name="createObject" time="11.335" classname="Test6EditObjectInsertWrongData"/>
  <testcase name="authorizeWithEmptyFields" time="1.872" classname="Test2FailAuthorization"/>
  <testcase name="authorizeWithIncorrectEmail" time="0.857" classname="Test2FailAuthorization"/>
  <testcase name="authorizeWithIncorrectPassword" time="1.15" classname="Test2FailAuthorization"/>
  <testcase name="createObject" time="6.546" classname="Test7DeleteObject"/>
  <testcase name="createObject" time="17.758" classname="Test3CreateObject">
    <failure type="com.codeborne.selenide.ex.ElementShould" message="Element should be visible {By.id: fieldsform-caption}
Element: &amp;apos;&amp;lt;input class=&amp;quot;form-control&amp;quot; id=&amp;quot;fieldsform-caption&amp;quot; name=&amp;quot;FieldsForm[caption]&amp;quot; placeholder=&amp;quot;New Field&amp;quot; type=&amp;quot;text&amp;quot; value=&amp;quot;Boolean&amp;quot; displayed:false&amp;gt;&amp;lt;/input&amp;gt;&amp;apos;">
      <![CDATA[Element should be visible {By.id: fieldsform-caption}
Element: '<input class="form-control" id="fieldsform-caption" name="FieldsForm[caption]" placeholder="New Field" type="text" value="Boolean" displayed:false></input>'
Screenshot: file:/D:/AUTOTESTS/WorkDirectory/AutoPury/PurityAutotests/build/reports/tests/1445582259012.0.png
Timeout: 5 s.
	at com.codeborne.selenide.impl.AbstractSelenideElement.checkCondition(AbstractSelenideElement.java:553)
	at com.codeborne.selenide.impl.AbstractSelenideElement.should(AbstractSelenideElement.java:517)
	at com.codeborne.selenide.impl.AbstractSelenideElement.invokeShould(AbstractSelenideElement.java:305)
	at com.codeborne.selenide.impl.AbstractSelenideElement.dispatchSelenideMethod(AbstractSelenideElement.java:179)
	at com.codeborne.selenide.impl.AbstractSelenideElement.dispatchAndRetry(AbstractSelenideElement.java:90)
	at com.codeborne.selenide.impl.AbstractSelenideElement.invoke(AbstractSelenideElement.java:65)
	at com.codeborne.selenide.impl.WaitingSelenideElement.invoke(WaitingSelenideElement.java:19)
	at com.sun.proxy.$Proxy6.waitUntil(Unknown Source)
	at Pages.ObjectEditorPage.clickButtonAddObjectFields(ObjectEditorPage.java:86)
	at Test3CreateObject.createObject(Test3CreateObject.java:45)
... Removed 28 stack frames]]>
    </failure>
  </testcase> <!-- createObject -->
  <testcase name="createObject" time="3.754" classname="Test4CreateObjectInstance">
    <failure type="com.codeborne.selenide.ex.ElementNotFound" message="Element not found {By.id: show-login-form-btn}
Expected: visible">
      <![CDATA[Element not found {By.id: show-login-form-btn}
Expected: visible
Screenshot: file:/D:/AUTOTESTS/WorkDirectory/AutoPury/PurityAutotests/build/reports/tests/1445582297886.1.png
Timeout: 3 s.
Caused by: NoSuchElementException: Unable to locate element: {"method":"id","selector":"show-login-form-btn"}
	at com.codeborne.selenide.impl.AbstractSelenideElement.createElementNotFoundError(AbstractSelenideElement.java:703)
	at com.codeborne.selenide.impl.WaitingSelenideElement.createElementNotFoundError(WaitingSelenideElement.java:82)
	at com.codeborne.selenide.impl.AbstractSelenideElement.checkCondition(AbstractSelenideElement.java:546)
	at com.codeborne.selenide.impl.AbstractSelenideElement.findAndAssertElementIsVisible(AbstractSelenideElement.java:410)
	at com.codeborne.selenide.impl.AbstractSelenideElement.click(AbstractSelenideElement.java:398)
	at com.codeborne.selenide.impl.AbstractSelenideElement.dispatchSelenideMethod(AbstractSelenideElement.java:267)
	at com.codeborne.selenide.impl.AbstractSelenideElement.dispatchAndRetry(AbstractSelenideElement.java:90)
	at com.codeborne.selenide.impl.AbstractSelenideElement.invoke(AbstractSelenideElement.java:65)
	at com.codeborne.selenide.impl.WaitingSelenideElement.invoke(WaitingSelenideElement.java:19)
	at com.sun.proxy.$Proxy6.click(Unknown Source)
	at Pages.LoginPage.showLoginForm(LoginPage.java:32)
	at Pages.LoginPage.authorizeAsAdmin(LoginPage.java:64)
	at Test4CreateObjectInstance.createObject(Test4CreateObjectInstance.java:21)
Caused by: org.openqa.selenium.NoSuchElementException: Unable to locate element: {"method":"id","selector":"show-login-form-btn"}
Command duration or timeout: 52 milliseconds
For documentation on this error, please visit: http://seleniumhq.org/exceptions/no_such_element.html
Build info: version: '2.48.2', revision: '41bccdd10cf2c0560f637404c2d96164b67d9d67', time: '2015-10-09 13:08:06'
System info: host: 'Anders', ip: '172.22.45.113', os.name: 'Windows 8.1', os.arch: 'amd64', os.version: '6.3', java.version: '1.8.0_51'
Driver info: org.openqa.selenium.firefox.FirefoxDriver
Capabilities [{applicationCacheEnabled=true, rotatable=false, handlesAlerts=true, databaseEnabled=true, version=41.0.2, platform=WINDOWS, nativeEvents=false, acceptSslCerts=true, webStorageEnabled=true, locationContextEnabled=true, browserName=firefox, takesScreenshot=true, javascriptEnabled=true, cssSelectorsEnabled=true}]
Session ID: 72b4ea9d-6678-438d-905f-205b80321aed
*** Element info: {Using=id, value=show-login-form-btn}
	at org.openqa.selenium.remote.ErrorHandler.createThrowable(ErrorHandler.java:206)
	at org.openqa.selenium.remote.ErrorHandler.throwIfResponseFailed(ErrorHandler.java:158)
	at org.openqa.selenium.remote.RemoteWebDriver.execute(RemoteWebDriver.java:647)
	at org.openqa.selenium.remote.RemoteWebDriver.findElement(RemoteWebDriver.java:353)
	at org.openqa.selenium.remote.RemoteWebDriver.findElementById(RemoteWebDriver.java:403)
	at org.openqa.selenium.By$ById.findElement(By.java:218)
	at org.openqa.selenium.remote.RemoteWebDriver.findElement(RemoteWebDriver.java:345)
	at com.codeborne.selenide.impl.WebElementSelector.findElement(WebElementSelector.java:28)
	at com.codeborne.selenide.impl.WaitingSelenideElement.getActualDelegate(WaitingSelenideElement.java:56)
	at com.codeborne.selenide.impl.AbstractSelenideElement.checkCondition(AbstractSelenideElement.java:528)
	... 38 more
Caused by: org.openqa.selenium.NoSuchElementException: Unable to locate element: {"method":"id","selector":"show-login-form-btn"}
For documentation on this error, please visit: http://seleniumhq.org/exceptions/no_such_element.html
Build info: version: '2.48.2', revision: '41bccdd10cf2c0560f637404c2d96164b67d9d67', time: '2015-10-09 13:08:06'
System info: host: 'Anders', ip: '172.22.45.113', os.name: 'Windows 8.1', os.arch: 'amd64', os.version: '6.3', java.version: '1.8.0_51'
Driver info: driver.version: unknown
	at <anonymous class>.FirefoxDriver.prototype.findElementInternal_(file:///C:/Users/John/AppData/Local/Temp/anonymous867087694109639559webdriver-profile/extensions/fxdriver@googlecode.com/components/driver-component.js:10659)
	at <anonymous class>.FirefoxDriver.prototype.findElement(file:///C:/Users/John/AppData/Local/Temp/anonymous867087694109639559webdriver-profile/extensions/fxdriver@googlecode.com/components/driver-component.js:10668)
	at <anonymous class>.DelayedCommand.prototype.executeInternal_/h(file:///C:/Users/John/AppData/Local/Temp/anonymous867087694109639559webdriver-profile/extensions/fxdriver@googlecode.com/components/command-processor.js:12534)
	at <anonymous class>.DelayedCommand.prototype.executeInternal_(file:///C:/Users/John/AppData/Local/Temp/anonymous867087694109639559webdriver-profile/extensions/fxdriver@googlecode.com/components/command-processor.js:12539)
	at <anonymous class>.DelayedCommand.prototype.execute/<(file:///C:/Users/John/AppData/Local/Temp/anonymous867087694109639559webdriver-profile/extensions/fxdriver@googlecode.com/components/command-processor.js:12481)
... Removed 31 stack frames]]>
    </failure>
  </testcase> <!-- createObject -->
</testsuite>
