<!DOCTYPE html PUBLIC "-//W3C//DTD XHTML 1.1//EN" "http://www.w3.org/TR/xhtml11/DTD/xhtml11.dtd">
<html xmlns="http://www.w3.org/1999/xhtml"><head><title>TestNG Report</title><style type="text/css">table {margin-bottom:10px;border-collapse:collapse;empty-cells:show}th,td {border:1px solid #009;padding:.25em .5em}th {vertical-align:bottom}td {vertical-align:top}table a {font-weight:bold}.stripe td {background-color: #E6EBF9}.num {text-align:right}.passedodd td {background-color: #3F3}.passedeven td {background-color: #0A0}.skippedodd td {background-color: #DDD}.skippedeven td {background-color: #CCC}.failedodd td,.attn {background-color: #F33}.failedeven td,.stripe .attn {background-color: #D00}.stacktrace {white-space:pre;font-family:monospace}.totop {font-size:85%;text-align:center;border-bottom:2px solid #000}</style></head><body><table><tr><th>Test</th><th># Passed</th><th># Skipped</th><th># Failed</th><th>Time (ms)</th><th>Included Groups</th><th>Excluded Groups</th></tr><tr><th colspan="7">Surefire suite</th></tr><tr><td><a href="#t0">Surefire test</a></td><td class="num">6</td><td class="num">0</td><td class="num attn">2</td><td class="num">137 779</td><td></td><td></td></tr></table><table><thead><tr><th>Class</th><th>Method</th><th>Start</th><th>Time (ms)</th></tr></thead><tbody><tr><th colspan="4">Surefire suite</th></tr></tbody><tbody id="t0"><tr><th colspan="4">Surefire test &#8212; failed</th></tr><tr class="failedeven"><td rowspan="1">Test3CreateObject</td><td><a href="#m0">createObject</a></td><td rowspan="1">1445582241422</td><td rowspan="1">17758</td></tr><tr class="failedodd"><td rowspan="1">Test4CreateObjectInstance</td><td><a href="#m1">createObject</a></td><td rowspan="1">1445582294761</td><td rowspan="1">3754</td></tr><tr><th colspan="4">Surefire test &#8212; passed</th></tr><tr class="passedeven"><td rowspan="1">Test1SuccessfulAuthorization</td><td><a href="#m2">authorize</a></td><td rowspan="1">1445582168486</td><td rowspan="1">2811</td></tr><tr class="passedodd"><td rowspan="3">Test2FailAuthorization</td><td><a href="#m3">authorizeWithEmptyFields</a></td><td rowspan="1">1445582210057</td><td rowspan="1">1872</td></tr><tr class="passedodd"><td><a href="#m4">authorizeWithIncorrectEmail</a></td><td rowspan="1">1445582217409</td><td rowspan="1">857</td></tr><tr class="passedodd"><td><a href="#m5">authorizeWithIncorrectPassword</a></td><td rowspan="1">1445582223447</td><td rowspan="1">1150</td></tr><tr class="passedeven"><td rowspan="1">Test6EditObjectInsertWrongData</td><td><a href="#m6">createObject</a></td><td rowspan="1">1445582177877</td><td rowspan="1">11335</td></tr><tr class="passedodd"><td rowspan="1">Test7DeleteObject</td><td><a href="#m7">createObject</a></td><td rowspan="1">1445582230071</td><td rowspan="1">6546</td></tr></tbody></table><h2>Surefire test</h2><h3 id="m0">Test3CreateObject#createObject</h3><table class="result"><tr><th>Exception</th></tr><tr><td><div class="stacktrace">Element should be visible {By.id: fieldsform-caption}
Element: &apos;&lt;input class=&quot;form-control&quot; id=&quot;fieldsform-caption&quot; name=&quot;FieldsForm[caption]&quot; placeholder=&quot;New Field&quot; type=&quot;text&quot; value=&quot;Boolean&quot; displayed:false&gt;&lt;/input&gt;&apos;
Screenshot: file:/D:/AUTOTESTS/WorkDirectory/AutoPury/PurityAutotests/build/reports/tests/1445582259012.0.png
Timeout: 5 s.
	at com.codeborne.selenide.impl.AbstractSelenideElement.checkCondition(AbstractSelenideElement.java:553)
	at com.codeborne.selenide.impl.AbstractSelenideElement.should(AbstractSelenideElement.java:517)
	at com.codeborne.selenide.impl.AbstractSelenideElement.invokeShould(AbstractSelenideElement.java:305)
	at com.codeborne.selenide.impl.AbstractSelenideElement.dispatchSelenideMethod(AbstractSelenideElement.java:179)
	at com.codeborne.selenide.impl.AbstractSelenideElement.dispatchAndRetry(AbstractSelenideElement.java:90)
	at com.codeborne.selenide.impl.AbstractSelenideElement.invoke(AbstractSelenideElement.java:65)
	at com.codeborne.selenide.impl.WaitingSelenideElement.invoke(WaitingSelenideElement.java:19)
	at com.sun.proxy.$Proxy6.waitUntil(Unknown Source)
	at Pages.ObjectEditorPage.clickButtonAddObjectFields(ObjectEditorPage.java:86)
	at Test3CreateObject.createObject(Test3CreateObject.java:45)
... Removed 28 stack frames</div></td></tr></table><p class="totop"><a href="#summary">back to summary</a></p><h3 id="m1">Test4CreateObjectInstance#createObject</h3><table class="result"><tr><th>Exception</th></tr><tr><td><div class="stacktrace">Element not found {By.id: show-login-form-btn}
Expected: visible
Screenshot: file:/D:/AUTOTESTS/WorkDirectory/AutoPury/PurityAutotests/build/reports/tests/1445582297886.1.png
Timeout: 3 s.
Caused by: NoSuchElementException: Unable to locate element: {&quot;method&quot;:&quot;id&quot;,&quot;selector&quot;:&quot;show-login-form-btn&quot;}
	at com.codeborne.selenide.impl.AbstractSelenideElement.createElementNotFoundError(AbstractSelenideElement.java:703)
	at com.codeborne.selenide.impl.WaitingSelenideElement.createElementNotFoundError(WaitingSelenideElement.java:82)
	at com.codeborne.selenide.impl.AbstractSelenideElement.checkCondition(AbstractSelenideElement.java:546)
	at com.codeborne.selenide.impl.AbstractSelenideElement.findAndAssertElementIsVisible(AbstractSelenideElement.java:410)
	at com.codeborne.selenide.impl.AbstractSelenideElement.click(AbstractSelenideElement.java:398)
	at com.codeborne.selenide.impl.AbstractSelenideElement.dispatchSelenideMethod(AbstractSelenideElement.java:267)
	at com.codeborne.selenide.impl.AbstractSelenideElement.dispatchAndRetry(AbstractSelenideElement.java:90)
	at com.codeborne.selenide.impl.AbstractSelenideElement.invoke(AbstractSelenideElement.java:65)
	at com.codeborne.selenide.impl.WaitingSelenideElement.invoke(WaitingSelenideElement.java:19)
	at com.sun.proxy.$Proxy6.click(Unknown Source)
	at Pages.LoginPage.showLoginForm(LoginPage.java:32)
	at Pages.LoginPage.authorizeAsAdmin(LoginPage.java:64)
	at Test4CreateObjectInstance.createObject(Test4CreateObjectInstance.java:21)
Caused by: org.openqa.selenium.NoSuchElementException: Unable to locate element: {&quot;method&quot;:&quot;id&quot;,&quot;selector&quot;:&quot;show-login-form-btn&quot;}
Command duration or timeout: 52 milliseconds
For documentation on this error, please visit: http://seleniumhq.org/exceptions/no_such_element.html
Build info: version: &apos;2.48.2&apos;, revision: &apos;41bccdd10cf2c0560f637404c2d96164b67d9d67&apos;, time: &apos;2015-10-09 13:08:06&apos;
System info: host: &apos;Anders&apos;, ip: &apos;172.22.45.113&apos;, os.name: &apos;Windows 8.1&apos;, os.arch: &apos;amd64&apos;, os.version: &apos;6.3&apos;, java.version: &apos;1.8.0_51&apos;
Driver info: org.openqa.selenium.firefox.FirefoxDriver
Capabilities [{applicationCacheEnabled=true, rotatable=false, handlesAlerts=true, databaseEnabled=true, version=41.0.2, platform=WINDOWS, nativeEvents=false, acceptSslCerts=true, webStorageEnabled=true, locationContextEnabled=true, browserName=firefox, takesScreenshot=true, javascriptEnabled=true, cssSelectorsEnabled=true}]
Session ID: 72b4ea9d-6678-438d-905f-205b80321aed
*** Element info: {Using=id, value=show-login-form-btn}
	at org.openqa.selenium.remote.ErrorHandler.createThrowable(ErrorHandler.java:206)
	at org.openqa.selenium.remote.ErrorHandler.throwIfResponseFailed(ErrorHandler.java:158)
	at org.openqa.selenium.remote.RemoteWebDriver.execute(RemoteWebDriver.java:647)
	at org.openqa.selenium.remote.RemoteWebDriver.findElement(RemoteWebDriver.java:353)
	at org.openqa.selenium.remote.RemoteWebDriver.findElementById(RemoteWebDriver.java:403)
	at org.openqa.selenium.By$ById.findElement(By.java:218)
	at org.openqa.selenium.remote.RemoteWebDriver.findElement(RemoteWebDriver.java:345)
	at com.codeborne.selenide.impl.WebElementSelector.findElement(WebElementSelector.java:28)
	at com.codeborne.selenide.impl.WaitingSelenideElement.getActualDelegate(WaitingSelenideElement.java:56)
	at com.codeborne.selenide.impl.AbstractSelenideElement.checkCondition(AbstractSelenideElement.java:528)
	... 38 more
Caused by: org.openqa.selenium.NoSuchElementException: Unable to locate element: {&quot;method&quot;:&quot;id&quot;,&quot;selector&quot;:&quot;show-login-form-btn&quot;}
For documentation on this error, please visit: http://seleniumhq.org/exceptions/no_such_element.html
Build info: version: &apos;2.48.2&apos;, revision: &apos;41bccdd10cf2c0560f637404c2d96164b67d9d67&apos;, time: &apos;2015-10-09 13:08:06&apos;
System info: host: &apos;Anders&apos;, ip: &apos;172.22.45.113&apos;, os.name: &apos;Windows 8.1&apos;, os.arch: &apos;amd64&apos;, os.version: &apos;6.3&apos;, java.version: &apos;1.8.0_51&apos;
Driver info: driver.version: unknown
	at &lt;anonymous class&gt;.FirefoxDriver.prototype.findElementInternal_(file:///C:/Users/John/AppData/Local/Temp/anonymous867087694109639559webdriver-profile/extensions/fxdriver@googlecode.com/components/driver-component.js:10659)
	at &lt;anonymous class&gt;.FirefoxDriver.prototype.findElement(file:///C:/Users/John/AppData/Local/Temp/anonymous867087694109639559webdriver-profile/extensions/fxdriver@googlecode.com/components/driver-component.js:10668)
	at &lt;anonymous class&gt;.DelayedCommand.prototype.executeInternal_/h(file:///C:/Users/John/AppData/Local/Temp/anonymous867087694109639559webdriver-profile/extensions/fxdriver@googlecode.com/components/command-processor.js:12534)
	at &lt;anonymous class&gt;.DelayedCommand.prototype.executeInternal_(file:///C:/Users/John/AppData/Local/Temp/anonymous867087694109639559webdriver-profile/extensions/fxdriver@googlecode.com/components/command-processor.js:12539)
	at &lt;anonymous class&gt;.DelayedCommand.prototype.execute/&lt;(file:///C:/Users/John/AppData/Local/Temp/anonymous867087694109639559webdriver-profile/extensions/fxdriver@googlecode.com/components/command-processor.js:12481)
... Removed 31 stack frames</div></td></tr></table><p class="totop"><a href="#summary">back to summary</a></p><h3 id="m2">Test1SuccessfulAuthorization#authorize</h3><table class="result"></table><p class="totop"><a href="#summary">back to summary</a></p><h3 id="m3">Test2FailAuthorization#authorizeWithEmptyFields</h3><table class="result"></table><p class="totop"><a href="#summary">back to summary</a></p><h3 id="m4">Test2FailAuthorization#authorizeWithIncorrectEmail</h3><table class="result"></table><p class="totop"><a href="#summary">back to summary</a></p><h3 id="m5">Test2FailAuthorization#authorizeWithIncorrectPassword</h3><table class="result"></table><p class="totop"><a href="#summary">back to summary</a></p><h3 id="m6">Test6EditObjectInsertWrongData#createObject</h3><table class="result"></table><p class="totop"><a href="#summary">back to summary</a></p><h3 id="m7">Test7DeleteObject#createObject</h3><table class="result"></table><p class="totop"><a href="#summary">back to summary</a></p></body></html>