<?xml version="1.0" encoding="UTF-8"?>
<testsuite name="TestSuite" time="46.936" tests="8" errors="0" skipped="0" failures="2">
  <properties>
    <property name="java.runtime.name" value="Java(TM) SE Runtime Environment"/>
    <property name="sun.boot.library.path" value="C:\Program Files\Java\jdk1.8.0_51\jre\bin"/>
    <property name="java.vm.version" value="25.51-b03"/>
    <property name="user.country.format" value="RU"/>
    <property name="java.vm.vendor" value="Oracle Corporation"/>
    <property name="maven.multiModuleProjectDirectory" value="D:\AUTOTESTS\WorkDirectory\AutoPury\PurityAutotests"/>
    <property name="java.vendor.url" value="http://java.oracle.com/"/>
    <property name="path.separator" value=";"/>
    <property name="guice.disable.misplaced.annotation.check" value="true"/>
    <property name="java.vm.name" value="Java HotSpot(TM) 64-Bit Server VM"/>
    <property name="file.encoding.pkg" value="sun.io"/>
    <property name="user.script" value=""/>
    <property name="user.country" value="US"/>
    <property name="sun.java.launcher" value="SUN_STANDARD"/>
    <property name="sun.os.patch.level" value=""/>
    <property name="java.vm.specification.name" value="Java Virtual Machine Specification"/>
    <property name="user.dir" value="D:\AUTOTESTS\WorkDirectory\AutoPury\PurityAutotests"/>
    <property name="java.runtime.version" value="1.8.0_51-b16"/>
    <property name="java.awt.graphicsenv" value="sun.awt.Win32GraphicsEnvironment"/>
    <property name="java.endorsed.dirs" value="C:\Program Files\Java\jdk1.8.0_51\jre\lib\endorsed"/>
    <property name="os.arch" value="amd64"/>
    <property name="java.io.tmpdir" value="C:\Users\John\AppData\Local\Temp\"/>
    <property name="line.separator" value="&#10;"/>
    <property name="java.vm.specification.vendor" value="Oracle Corporation"/>
    <property name="user.variant" value=""/>
    <property name="os.name" value="Windows 8.1"/>
    <property name="classworlds.conf" value="C:\Maven\apache-maven-3.3.3\bin\m2.conf"/>
    <property name="sun.jnu.encoding" value="Cp1251"/>
    <property name="java.library.path" value="C:\Program Files\Java\jdk1.8.0_51\bin;C:\Windows\Sun\Java\bin;C:\Windows\system32;C:\Windows;C:\ProgramData\Oracle\Java\javapath;C:\Program Files (x86)\Intel\iCLS Client\;C:\Program Files\Intel\iCLS Client\;C:\Windows\system32;C:\Windows;C:\Windows\System32\Wbem;C:\Windows\System32\WindowsPowerShell\v1.0\;C:\Program Files\Intel\Intel(R) Management Engine Components\DAL;C:\Program Files\Intel\Intel(R) Management Engine Components\IPT;C:\Program Files (x86)\Intel\Intel(R) Management Engine Components\DAL;C:\Program Files (x86)\Intel\Intel(R) Management Engine Components\IPT;C:\Program Files (x86)\Windows Kits\8.1\Windows Performance Toolkit\;C:\Program Files\Microsoft SQL Server\110\Tools\Binn\;C:\Program Files (x86)\Microsoft SDKs\TypeScript\1.0\;C:\Program Files\Microsoft SQL Server\120\Tools\Binn\;C:\Program Files\Java\jdk1.8.0_51bin;C:\Maven\apache-maven-3.3.3\bin;C:\Program Files\TortoiseGit\bin;C:\Program Files (x86)\Git\bin;C:\Program Files (x86)\Skype\Phone\;C:\IEDriver;."/>
    <property name="java.specification.name" value="Java Platform API Specification"/>
    <property name="java.class.version" value="52.0"/>
    <property name="sun.management.compiler" value="HotSpot 64-Bit Tiered Compilers"/>
    <property name="os.version" value="6.3"/>
    <property name="user.home" value="C:\Users\John"/>
    <property name="user.timezone" value="Europe/Minsk"/>
    <property name="java.awt.printerjob" value="sun.awt.windows.WPrinterJob"/>
    <property name="java.specification.version" value="1.8"/>
    <property name="file.encoding" value="Cp1251"/>
    <property name="user.name" value="John"/>
    <property name="java.class.path" value="C:\Maven\apache-maven-3.3.3\boot\plexus-classworlds-2.5.2.jar"/>
    <property name="java.vm.specification.version" value="1.8"/>
    <property name="sun.arch.data.model" value="64"/>
    <property name="java.home" value="C:\Program Files\Java\jdk1.8.0_51\jre"/>
    <property name="sun.java.command" value="org.codehaus.plexus.classworlds.launcher.Launcher clean test"/>
    <property name="java.specification.vendor" value="Oracle Corporation"/>
    <property name="user.language" value="en"/>
    <property name="user.language.format" value="ru"/>
    <property name="awt.toolkit" value="sun.awt.windows.WToolkit"/>
    <property name="java.vm.info" value="mixed mode"/>
    <property name="java.version" value="1.8.0_51"/>
    <property name="java.ext.dirs" value="C:\Program Files\Java\jdk1.8.0_51\jre\lib\ext;C:\Windows\Sun\Java\lib\ext"/>
    <property name="sun.boot.class.path" value="C:\Program Files\Java\jdk1.8.0_51\jre\lib\resources.jar;C:\Program Files\Java\jdk1.8.0_51\jre\lib\rt.jar;C:\Program Files\Java\jdk1.8.0_51\jre\lib\sunrsasign.jar;C:\Program Files\Java\jdk1.8.0_51\jre\lib\jsse.jar;C:\Program Files\Java\jdk1.8.0_51\jre\lib\jce.jar;C:\Program Files\Java\jdk1.8.0_51\jre\lib\charsets.jar;C:\Program Files\Java\jdk1.8.0_51\jre\lib\jfr.jar;C:\Program Files\Java\jdk1.8.0_51\jre\classes"/>
    <property name="sun.stderr.encoding" value="cp866"/>
    <property name="java.vendor" value="Oracle Corporation"/>
    <property name="maven.home" value="C:\Maven\apache-maven-3.3.3"/>
    <property name="file.separator" value="\"/>
    <property name="java.vendor.url.bug" value="http://bugreport.sun.com/bugreport/"/>
    <property name="sun.cpu.endian" value="little"/>
    <property name="sun.io.unicode.encoding" value="UnicodeLittle"/>
    <property name="sun.stdout.encoding" value="cp866"/>
    <property name="sun.desktop" value="windows"/>
    <property name="sun.cpu.isalist" value="amd64"/>
  </properties>
  <testcase name="authorize" classname="Test1SuccessfulAuthorization" time="2.812"/>
  <testcase name="createObject" classname="Test6EditObjectInsertWrongData" time="11.335"/>
  <testcase name="authorizeWithEmptyFields" classname="Test2FailAuthorization" time="1.872"/>
  <testcase name="authorizeWithIncorrectEmail" classname="Test2FailAuthorization" time="0.858"/>
  <testcase name="authorizeWithIncorrectPassword" classname="Test2FailAuthorization" time="1.149"/>
  <testcase name="createObject" classname="Test7DeleteObject" time="6.546"/>
  <testcase name="createObject" classname="Test3CreateObject" time="18.079">
    <failure message="Element should be visible {By.id: fieldsform-caption}&#10;Element: &apos;&lt;input class=&quot;form-control&quot; id=&quot;fieldsform-caption&quot; name=&quot;FieldsForm[caption]&quot; placeholder=&quot;New Field&quot; type=&quot;text&quot; value=&quot;Boolean&quot; displayed:false&gt;&lt;/input&gt;&apos;" type="com.codeborne.selenide.ex.ElementShould"><![CDATA[com.codeborne.selenide.ex.ElementShould: Element should be visible {By.id: fieldsform-caption}
Element: '<input class="form-control" id="fieldsform-caption" name="FieldsForm[caption]" placeholder="New Field" type="text" value="Boolean" displayed:false></input>'
	at com.codeborne.selenide.impl.AbstractSelenideElement.checkCondition(AbstractSelenideElement.java:553)
	at com.codeborne.selenide.impl.AbstractSelenideElement.should(AbstractSelenideElement.java:517)
	at com.codeborne.selenide.impl.AbstractSelenideElement.invokeShould(AbstractSelenideElement.java:305)
	at com.codeborne.selenide.impl.AbstractSelenideElement.dispatchSelenideMethod(AbstractSelenideElement.java:179)
	at com.codeborne.selenide.impl.AbstractSelenideElement.dispatchAndRetry(AbstractSelenideElement.java:90)
	at com.codeborne.selenide.impl.AbstractSelenideElement.invoke(AbstractSelenideElement.java:65)
	at com.codeborne.selenide.impl.WaitingSelenideElement.invoke(WaitingSelenideElement.java:19)
	at com.sun.proxy.$Proxy6.waitUntil(Unknown Source)
	at Pages.ObjectEditorPage.clickButtonAddObjectFields(ObjectEditorPage.java:86)
	at Test3CreateObject.createObject(Test3CreateObject.java:45)
]]></failure>
    <system-err><![CDATA[окт 23, 2015 9:37:16 AM com.codeborne.selenide.impl.WebDriverThreadLocalContainer closeWebDriver
INFO: Close webdriver: 1 -> FirefoxDriver: firefox on WINDOWS (5024e0dd-559e-4bc2-a9a5-007b7ed6a459)
окт 23, 2015 9:37:16 AM com.codeborne.selenide.impl.WebDriverThreadLocalContainer$CloseBrowser run
INFO: Trying to close the browser FirefoxDriver: firefox on WINDOWS (5024e0dd-559e-4bc2-a9a5-007b7ed6a459) ...
окт 23, 2015 9:37:16 AM com.codeborne.selenide.impl.WebDriverThreadLocalContainer closeWebDriver
INFO: Closed webdriver in 342 ms
окт 23, 2015 9:37:20 AM com.codeborne.selenide.impl.WebDriverThreadLocalContainer createDriver
INFO: Create webdriver in current thread 1: firefox -> FirefoxDriver: firefox on WINDOWS (e86f53c8-b5b5-4371-b56e-9b9b8d998b27)
]]></system-err>
  </testcase>
  <testcase name="createObject" classname="Test4CreateObjectInstance" time="4.285">
    <failure message="Element not found {By.id: show-login-form-btn}&#10;Expected: visible" type="com.codeborne.selenide.ex.ElementNotFound"><![CDATA[com.codeborne.selenide.ex.ElementNotFound: Element not found {By.id: show-login-form-btn}
Expected: visible
	at sun.reflect.GeneratedConstructorAccessor12.newInstance(Unknown Source)
	at sun.reflect.DelegatingConstructorAccessorImpl.newInstance(DelegatingConstructorAccessorImpl.java:45)
	at java.lang.reflect.Constructor.newInstance(Constructor.java:422)
	at org.openqa.selenium.remote.ErrorHandler.createThrowable(ErrorHandler.java:206)
	at org.openqa.selenium.remote.ErrorHandler.throwIfResponseFailed(ErrorHandler.java:158)
	at org.openqa.selenium.remote.RemoteWebDriver.execute(RemoteWebDriver.java:647)
	at org.openqa.selenium.remote.RemoteWebDriver.findElement(RemoteWebDriver.java:353)
	at org.openqa.selenium.remote.RemoteWebDriver.findElementById(RemoteWebDriver.java:403)
	at org.openqa.selenium.By$ById.findElement(By.java:218)
	at org.openqa.selenium.remote.RemoteWebDriver.findElement(RemoteWebDriver.java:345)
	at com.codeborne.selenide.impl.WebElementSelector.findElement(WebElementSelector.java:28)
	at com.codeborne.selenide.impl.WaitingSelenideElement.getActualDelegate(WaitingSelenideElement.java:56)
	at com.codeborne.selenide.impl.AbstractSelenideElement.checkCondition(AbstractSelenideElement.java:528)
	at com.codeborne.selenide.impl.AbstractSelenideElement.findAndAssertElementIsVisible(AbstractSelenideElement.java:410)
	at com.codeborne.selenide.impl.AbstractSelenideElement.click(AbstractSelenideElement.java:398)
	at com.codeborne.selenide.impl.AbstractSelenideElement.dispatchSelenideMethod(AbstractSelenideElement.java:267)
	at com.codeborne.selenide.impl.AbstractSelenideElement.dispatchAndRetry(AbstractSelenideElement.java:90)
	at com.codeborne.selenide.impl.AbstractSelenideElement.invoke(AbstractSelenideElement.java:65)
	at com.codeborne.selenide.impl.WaitingSelenideElement.invoke(WaitingSelenideElement.java:19)
	at com.sun.proxy.$Proxy6.click(Unknown Source)
	at Pages.LoginPage.showLoginForm(LoginPage.java:32)
	at Pages.LoginPage.authorizeAsAdmin(LoginPage.java:64)
	at Test4CreateObjectInstance.createObject(Test4CreateObjectInstance.java:21)
Caused by: org.openqa.selenium.NoSuchElementException: Unable to locate element: {"method":"id","selector":"show-login-form-btn"}
For documentation on this error, please visit: http://seleniumhq.org/exceptions/no_such_element.html
Build info: version: '2.48.2', revision: '41bccdd10cf2c0560f637404c2d96164b67d9d67', time: '2015-10-09 13:08:06'
System info: host: 'Anders', ip: '172.22.45.113', os.name: 'Windows 8.1', os.arch: 'amd64', os.version: '6.3', java.version: '1.8.0_51'
Driver info: driver.version: unknown
	at <anonymous class>.FirefoxDriver.prototype.findElementInternal_(file:///C:/Users/John/AppData/Local/Temp/anonymous867087694109639559webdriver-profile/extensions/fxdriver@googlecode.com/components/driver-component.js:10659)
	at <anonymous class>.FirefoxDriver.prototype.findElement(file:///C:/Users/John/AppData/Local/Temp/anonymous867087694109639559webdriver-profile/extensions/fxdriver@googlecode.com/components/driver-component.js:10668)
	at <anonymous class>.DelayedCommand.prototype.executeInternal_/h(file:///C:/Users/John/AppData/Local/Temp/anonymous867087694109639559webdriver-profile/extensions/fxdriver@googlecode.com/components/command-processor.js:12534)
	at <anonymous class>.DelayedCommand.prototype.executeInternal_(file:///C:/Users/John/AppData/Local/Temp/anonymous867087694109639559webdriver-profile/extensions/fxdriver@googlecode.com/components/command-processor.js:12539)
	at <anonymous class>.DelayedCommand.prototype.execute/<(file:///C:/Users/John/AppData/Local/Temp/anonymous867087694109639559webdriver-profile/extensions/fxdriver@googlecode.com/components/command-processor.js:12481)
]]></failure>
    <system-err><![CDATA[окт 23, 2015 9:37:39 AM com.codeborne.selenide.impl.WebDriverThreadLocalContainer closeWebDriver
INFO: Close webdriver: 1 -> FirefoxDriver: firefox on WINDOWS (e86f53c8-b5b5-4371-b56e-9b9b8d998b27)
окт 23, 2015 9:37:39 AM com.codeborne.selenide.impl.WebDriverThreadLocalContainer$CloseBrowser run
INFO: Trying to close the browser FirefoxDriver: firefox on WINDOWS (e86f53c8-b5b5-4371-b56e-9b9b8d998b27) ...
окт 23, 2015 9:37:40 AM com.codeborne.selenide.impl.WebDriverThreadLocalContainer closeWebDriver
INFO: Closed webdriver in 567 ms
окт 23, 2015 9:37:43 AM com.codeborne.selenide.impl.WebDriverThreadLocalContainer createDriver
INFO: Create webdriver in current thread 1: firefox -> FirefoxDriver: firefox on WINDOWS (72b4ea9d-6678-438d-905f-205b80321aed)
]]></system-err>
  </testcase>
</testsuite>