-------------------------------------------------------------------------------
Test set: TestSuite
-------------------------------------------------------------------------------
Tests run: 8, Failures: 2, Errors: 0, Skipped: 0, Time elapsed: 139.625 sec <<< FAILURE! - in TestSuite
createObject(Test3CreateObject)  Time elapsed: 18.079 sec  <<< FAILURE!
com.codeborne.selenide.ex.ElementShould: Element should be visible {By.id: fieldsform-caption}
Element: '<input class="form-control" id="fieldsform-caption" name="FieldsForm[caption]" placeholder="New Field" type="text" value="Boolean" displayed:false></input>'
	at com.codeborne.selenide.impl.AbstractSelenideElement.checkCondition(AbstractSelenideElement.java:553)
	at com.codeborne.selenide.impl.AbstractSelenideElement.should(AbstractSelenideElement.java:517)
	at com.codeborne.selenide.impl.AbstractSelenideElement.invokeShould(AbstractSelenideElement.java:305)
	at com.codeborne.selenide.impl.AbstractSelenideElement.dispatchSelenideMethod(AbstractSelenideElement.java:179)
	at com.codeborne.selenide.impl.AbstractSelenideElement.dispatchAndRetry(AbstractSelenideElement.java:90)
	at com.codeborne.selenide.impl.AbstractSelenideElement.invoke(AbstractSelenideElement.java:65)
	at com.codeborne.selenide.impl.WaitingSelenideElement.invoke(WaitingSelenideElement.java:19)
	at com.sun.proxy.$Proxy6.waitUntil(Unknown Source)
	at Pages.ObjectEditorPage.clickButtonAddObjectFields(ObjectEditorPage.java:86)
	at Test3CreateObject.createObject(Test3CreateObject.java:45)

createObject(Test4CreateObjectInstance)  Time elapsed: 4.285 sec  <<< FAILURE!
com.codeborne.selenide.ex.ElementNotFound: Element not found {By.id: show-login-form-btn}
Expected: visible
	at sun.reflect.GeneratedConstructorAccessor12.newInstance(Unknown Source)
	at sun.reflect.DelegatingConstructorAccessorImpl.newInstance(DelegatingConstructorAccessorImpl.java:45)
	at java.lang.reflect.Constructor.newInstance(Constructor.java:422)
	at org.openqa.selenium.remote.ErrorHandler.createThrowable(ErrorHandler.java:206)
	at org.openqa.selenium.remote.ErrorHandler.throwIfResponseFailed(ErrorHandler.java:158)
	at org.openqa.selenium.remote.RemoteWebDriver.execute(RemoteWebDriver.java:647)
	at org.openqa.selenium.remote.RemoteWebDriver.findElement(RemoteWebDriver.java:353)
	at org.openqa.selenium.remote.RemoteWebDriver.findElementById(RemoteWebDriver.java:403)
	at org.openqa.selenium.By$ById.findElement(By.java:218)
	at org.openqa.selenium.remote.RemoteWebDriver.findElement(RemoteWebDriver.java:345)
	at com.codeborne.selenide.impl.WebElementSelector.findElement(WebElementSelector.java:28)
	at com.codeborne.selenide.impl.WaitingSelenideElement.getActualDelegate(WaitingSelenideElement.java:56)
	at com.codeborne.selenide.impl.AbstractSelenideElement.checkCondition(AbstractSelenideElement.java:528)
	at com.codeborne.selenide.impl.AbstractSelenideElement.findAndAssertElementIsVisible(AbstractSelenideElement.java:410)
	at com.codeborne.selenide.impl.AbstractSelenideElement.click(AbstractSelenideElement.java:398)
	at com.codeborne.selenide.impl.AbstractSelenideElement.dispatchSelenideMethod(AbstractSelenideElement.java:267)
	at com.codeborne.selenide.impl.AbstractSelenideElement.dispatchAndRetry(AbstractSelenideElement.java:90)
	at com.codeborne.selenide.impl.AbstractSelenideElement.invoke(AbstractSelenideElement.java:65)
	at com.codeborne.selenide.impl.WaitingSelenideElement.invoke(WaitingSelenideElement.java:19)
	at com.sun.proxy.$Proxy6.click(Unknown Source)
	at Pages.LoginPage.showLoginForm(LoginPage.java:32)
	at Pages.LoginPage.authorizeAsAdmin(LoginPage.java:64)
	at Test4CreateObjectInstance.createObject(Test4CreateObjectInstance.java:21)
Caused by: org.openqa.selenium.NoSuchElementException: Unable to locate element: {"method":"id","selector":"show-login-form-btn"}
For documentation on this error, please visit: http://seleniumhq.org/exceptions/no_such_element.html
Build info: version: '2.48.2', revision: '41bccdd10cf2c0560f637404c2d96164b67d9d67', time: '2015-10-09 13:08:06'
System info: host: 'Anders', ip: '172.22.45.113', os.name: 'Windows 8.1', os.arch: 'amd64', os.version: '6.3', java.version: '1.8.0_51'
Driver info: driver.version: unknown
	at <anonymous class>.FirefoxDriver.prototype.findElementInternal_(file:///C:/Users/John/AppData/Local/Temp/anonymous867087694109639559webdriver-profile/extensions/fxdriver@googlecode.com/components/driver-component.js:10659)
	at <anonymous class>.FirefoxDriver.prototype.findElement(file:///C:/Users/John/AppData/Local/Temp/anonymous867087694109639559webdriver-profile/extensions/fxdriver@googlecode.com/components/driver-component.js:10668)
	at <anonymous class>.DelayedCommand.prototype.executeInternal_/h(file:///C:/Users/John/AppData/Local/Temp/anonymous867087694109639559webdriver-profile/extensions/fxdriver@googlecode.com/components/command-processor.js:12534)
	at <anonymous class>.DelayedCommand.prototype.executeInternal_(file:///C:/Users/John/AppData/Local/Temp/anonymous867087694109639559webdriver-profile/extensions/fxdriver@googlecode.com/components/command-processor.js:12539)
	at <anonymous class>.DelayedCommand.prototype.execute/<(file:///C:/Users/John/AppData/Local/Temp/anonymous867087694109639559webdriver-profile/extensions/fxdriver@googlecode.com/components/command-processor.js:12481)

